2016-02-14 11:16:21.967+0000 INFO  [o.n.k.i.f.CommunityFacadeFactory] No locking implementation specified, defaulting to 'community'
2016-02-14 11:16:22.075+0000 INFO  [o.n.k.AvailabilityGuard] Requirement makes database unavailable: Database available
2016-02-14 11:16:22.083+0000 INFO  [o.n.k.i.DiagnosticsManager] --- INITIALIZED diagnostics START ---
2016-02-14 11:16:22.083+0000 INFO  [o.n.k.i.DiagnosticsManager] Neo4j Kernel properties:
2016-02-14 11:16:22.085+0000 INFO  [o.n.k.i.DiagnosticsManager] ephemeral=false
2016-02-14 11:16:22.086+0000 INFO  [o.n.k.i.DiagnosticsManager] edition=Community
2016-02-14 11:16:22.086+0000 INFO  [o.n.k.i.DiagnosticsManager] Diagnostics providers:
2016-02-14 11:16:22.086+0000 INFO  [o.n.k.i.DiagnosticsManager] org.neo4j.kernel.configuration.Config
2016-02-14 11:16:22.086+0000 INFO  [o.n.k.i.DiagnosticsManager] org.neo4j.kernel.info.DiagnosticsManager
2016-02-14 11:16:22.086+0000 INFO  [o.n.k.i.DiagnosticsManager] SYSTEM_MEMORY
2016-02-14 11:16:22.086+0000 INFO  [o.n.k.i.DiagnosticsManager] JAVA_MEMORY
2016-02-14 11:16:22.086+0000 INFO  [o.n.k.i.DiagnosticsManager] OPERATING_SYSTEM
2016-02-14 11:16:22.086+0000 INFO  [o.n.k.i.DiagnosticsManager] JAVA_VIRTUAL_MACHINE
2016-02-14 11:16:22.086+0000 INFO  [o.n.k.i.DiagnosticsManager] CLASSPATH
2016-02-14 11:16:22.087+0000 INFO  [o.n.k.i.DiagnosticsManager] LIBRARY_PATH
2016-02-14 11:16:22.087+0000 INFO  [o.n.k.i.DiagnosticsManager] SYSTEM_PROPERTIES
2016-02-14 11:16:22.087+0000 INFO  [o.n.k.i.DiagnosticsManager] LINUX_SCHEDULERS
2016-02-14 11:16:22.087+0000 INFO  [o.n.k.i.DiagnosticsManager] NETWORK
2016-02-14 11:16:22.087+0000 INFO  [o.n.k.i.DiagnosticsManager] System memory information:
2016-02-14 11:16:22.090+0000 INFO  [o.n.k.i.DiagnosticsManager] Total Physical memory: 7.70 GB
2016-02-14 11:16:22.091+0000 INFO  [o.n.k.i.DiagnosticsManager] Free Physical memory: 194.52 MB
2016-02-14 11:16:22.091+0000 INFO  [o.n.k.i.DiagnosticsManager] Committed virtual memory: 4.29 GB
2016-02-14 11:16:22.091+0000 INFO  [o.n.k.i.DiagnosticsManager] Total swap space: 15.81 GB
2016-02-14 11:16:22.091+0000 INFO  [o.n.k.i.DiagnosticsManager] Free swap space: 15.78 GB
2016-02-14 11:16:22.091+0000 INFO  [o.n.k.i.DiagnosticsManager] JVM memory information:
2016-02-14 11:16:22.092+0000 INFO  [o.n.k.i.DiagnosticsManager] Free  memory: 80.79 MB
2016-02-14 11:16:22.092+0000 INFO  [o.n.k.i.DiagnosticsManager] Total memory: 119.00 MB
2016-02-14 11:16:22.092+0000 INFO  [o.n.k.i.DiagnosticsManager] Max   memory: 1.71 GB
2016-02-14 11:16:22.093+0000 INFO  [o.n.k.i.DiagnosticsManager] Garbage Collector: PS Scavenge: [PS Eden Space, PS Survivor Space]
2016-02-14 11:16:22.093+0000 INFO  [o.n.k.i.DiagnosticsManager] Garbage Collector: PS MarkSweep: [PS Eden Space, PS Survivor Space, PS Old Gen]
2016-02-14 11:16:22.094+0000 INFO  [o.n.k.i.DiagnosticsManager] Memory Pool: Code Cache (Non-heap memory): committed=2.69 MB, used=2.64 MB, max=240.00 MB, threshold=0.00 B
2016-02-14 11:16:22.095+0000 INFO  [o.n.k.i.DiagnosticsManager] Memory Pool: Metaspace (Non-heap memory): committed=7.88 MB, used=7.54 MB, max=-1.00 B, threshold=0.00 B
2016-02-14 11:16:22.095+0000 INFO  [o.n.k.i.DiagnosticsManager] Memory Pool: Compressed Class Space (Non-heap memory): committed=1.13 MB, used=992.03 kB, max=1.00 GB, threshold=0.00 B
2016-02-14 11:16:22.095+0000 INFO  [o.n.k.i.DiagnosticsManager] Memory Pool: PS Eden Space (Heap memory): committed=31.00 MB, used=19.64 MB, max=648.00 MB, threshold=?
2016-02-14 11:16:22.096+0000 INFO  [o.n.k.i.DiagnosticsManager] Memory Pool: PS Survivor Space (Heap memory): committed=5.00 MB, used=5.00 MB, max=5.00 MB, threshold=?
2016-02-14 11:16:22.096+0000 INFO  [o.n.k.i.DiagnosticsManager] Memory Pool: PS Old Gen (Heap memory): committed=83.00 MB, used=13.58 MB, max=1.29 GB, threshold=0.00 B
2016-02-14 11:16:22.096+0000 INFO  [o.n.k.i.DiagnosticsManager] Operating system information:
2016-02-14 11:16:22.097+0000 INFO  [o.n.k.i.DiagnosticsManager] Operating System: Linux; version: 4.2.0-27-generic; arch: amd64; cpus: 4
2016-02-14 11:16:22.097+0000 INFO  [o.n.k.i.DiagnosticsManager] Max number of file descriptors: 64.00 kB
2016-02-14 11:16:22.097+0000 INFO  [o.n.k.i.DiagnosticsManager] Number of open file descriptors: 57.00 B
2016-02-14 11:16:22.101+0000 INFO  [o.n.k.i.DiagnosticsManager] Process id: 31551@pablo-xps-13-9343
2016-02-14 11:16:22.101+0000 INFO  [o.n.k.i.DiagnosticsManager] Byte order: LITTLE_ENDIAN
2016-02-14 11:16:22.101+0000 INFO  [o.n.k.i.DiagnosticsManager] Local timezone: Europe/Madrid
2016-02-14 11:16:22.101+0000 INFO  [o.n.k.i.DiagnosticsManager] JVM information:
2016-02-14 11:16:22.101+0000 INFO  [o.n.k.i.DiagnosticsManager] VM Name: OpenJDK 64-Bit Server VM
2016-02-14 11:16:22.101+0000 INFO  [o.n.k.i.DiagnosticsManager] VM Vendor: Oracle Corporation
2016-02-14 11:16:22.101+0000 INFO  [o.n.k.i.DiagnosticsManager] VM Version: 25.66-b17
2016-02-14 11:16:22.102+0000 INFO  [o.n.k.i.DiagnosticsManager] JIT compiler: HotSpot 64-Bit Tiered Compilers
2016-02-14 11:16:22.102+0000 INFO  [o.n.k.i.DiagnosticsManager] VM Arguments: [-Didea.launcher.port=7532, -Didea.launcher.bin.path=/home/pablo/apps/idea-IC-143.1184.17/bin, -Dfile.encoding=UTF-8]
2016-02-14 11:16:22.102+0000 INFO  [o.n.k.i.DiagnosticsManager] Java classpath:
2016-02-14 11:16:22.104+0000 INFO  [o.n.k.i.DiagnosticsManager]  [bootstrap + classpath + loader.0] file:/usr/lib/jvm/java-8-openjdk-amd64/jre/lib/resources.jar
2016-02-14 11:16:22.104+0000 INFO  [o.n.k.i.DiagnosticsManager]  [classpath + loader.0] file:/home/pablo/apps/neo4j-community-2.3.2/lib/neo4j-codegen-2.3.2.jar
2016-02-14 11:16:22.104+0000 INFO  [o.n.k.i.DiagnosticsManager]  [classpath + loader.0] file:/home/pablo/apps/neo4j-community-2.3.2/lib/neo4j-unsafe-2.3.2.jar
2016-02-14 11:16:22.104+0000 INFO  [o.n.k.i.DiagnosticsManager]  [loader.1] file:/usr/lib/jvm/java-8-openjdk-amd64/jre/lib/ext/java-atk-wrapper.jar
2016-02-14 11:16:22.104+0000 INFO  [o.n.k.i.DiagnosticsManager]  [loader.1] file:/usr/lib/jvm/java-8-openjdk-amd64/jre/lib/ext/nashorn.jar
2016-02-14 11:16:22.104+0000 INFO  [o.n.k.i.DiagnosticsManager]  [loader.1] file:/usr/lib/jvm/java-8-openjdk-amd64/jre/lib/ext/icedtea-sound.jar
2016-02-14 11:16:22.104+0000 INFO  [o.n.k.i.DiagnosticsManager]  [classpath + loader.0] file:/home/pablo/apps/neo4j-community-2.3.2/lib/neo4j-jmx-2.3.2.jar
2016-02-14 11:16:22.104+0000 INFO  [o.n.k.i.DiagnosticsManager]  [classpath + loader.0] file:/home/pablo/apps/neo4j-community-2.3.2/lib/neo4j-graph-matching-2.3.2.jar
2016-02-14 11:16:22.104+0000 INFO  [o.n.k.i.DiagnosticsManager]  [loader.1] file:/usr/lib/jvm/java-8-openjdk-amd64/jre/lib/ext/sunjce_provider.jar
2016-02-14 11:16:22.104+0000 INFO  [o.n.k.i.DiagnosticsManager]  [classpath + loader.0] file:/home/pablo/apps/neo4j-community-2.3.2/lib/neo4j-cypher-compiler-2.3-2.3.2.jar
2016-02-14 11:16:22.104+0000 INFO  [o.n.k.i.DiagnosticsManager]  [classpath + loader.0] file:/home/pablo/apps/neo4j-community-2.3.2/lib/neo4j-function-2.3.2.jar
2016-02-14 11:16:22.104+0000 INFO  [o.n.k.i.DiagnosticsManager]  [bootstrap] /usr/lib/jvm/java-8-openjdk-amd64/jre/lib/sunrsasign.jar
2016-02-14 11:16:22.104+0000 INFO  [o.n.k.i.DiagnosticsManager]  [classpath + loader.0] file:/usr/lib/jvm/java-8-openjdk-amd64/jre/lib/management-agent.jar
2016-02-14 11:16:22.104+0000 INFO  [o.n.k.i.DiagnosticsManager]  [classpath + loader.0] file:/home/pablo/apps/neo4j-community-2.3.2/lib/jline-2.12.jar
2016-02-14 11:16:22.104+0000 INFO  [o.n.k.i.DiagnosticsManager]  [classpath + loader.0] file:/home/pablo/apps/neo4j-community-2.3.2/lib/neo4j-cypher-2.3.2.jar
2016-02-14 11:16:22.104+0000 INFO  [o.n.k.i.DiagnosticsManager]  [classpath + loader.0] file:/home/pablo/apps/neo4j-community-2.3.2/lib/neo4j-import-tool-2.3.2.jar
2016-02-14 11:16:22.105+0000 INFO  [o.n.k.i.DiagnosticsManager]  [classpath + loader.0] file:/home/pablo/apps/neo4j-community-2.3.2/lib/neo4j-primitive-collections-2.3.2.jar
2016-02-14 11:16:22.105+0000 INFO  [o.n.k.i.DiagnosticsManager]  [classpath + loader.0] file:/home/pablo/apps/neo4j-community-2.3.2/lib/opencsv-2.3.jar
2016-02-14 11:16:22.105+0000 INFO  [o.n.k.i.DiagnosticsManager]  [classpath + loader.0] file:/home/pablo/apps/neo4j-community-2.3.2/lib/neo4j-kernel-2.3.2.jar
2016-02-14 11:16:22.105+0000 INFO  [o.n.k.i.DiagnosticsManager]  [classpath + loader.0] file:/home/pablo/apps/neo4j-community-2.3.2/lib/commons-lang3-3.3.2.jar
2016-02-14 11:16:22.105+0000 INFO  [o.n.k.i.DiagnosticsManager]  [classpath + loader.0] file:/home/pablo/apps/neo4j-community-2.3.2/lib/lucene-core-3.6.2.jar
2016-02-14 11:16:22.105+0000 INFO  [o.n.k.i.DiagnosticsManager]  [loader.1] file:/usr/lib/jvm/java-8-openjdk-amd64/jre/lib/ext/localedata.jar
2016-02-14 11:16:22.105+0000 INFO  [o.n.k.i.DiagnosticsManager]  [loader.1] file:/usr/lib/jvm/java-8-openjdk-amd64/jre/lib/ext/jaccess.jar
2016-02-14 11:16:22.105+0000 INFO  [o.n.k.i.DiagnosticsManager]  [classpath + loader.0] file:/home/pablo/apps/neo4j-community-2.3.2/lib/neo4j-graph-algo-2.3.2.jar
2016-02-14 11:16:22.105+0000 INFO  [o.n.k.i.DiagnosticsManager]  [loader.1] file:/usr/lib/jvm/java-8-openjdk-amd64/jre/lib/ext/sunpkcs11.jar
2016-02-14 11:16:22.105+0000 INFO  [o.n.k.i.DiagnosticsManager]  [classpath + loader.0] file:/home/pablo/apps/neo4j-community-2.3.2/lib/neo4j-consistency-check-2.3.2.jar
2016-02-14 11:16:22.105+0000 INFO  [o.n.k.i.DiagnosticsManager]  [loader.1] file:/usr/lib/jvm/java-8-openjdk-amd64/jre/lib/ext/libatk-wrapper.so
2016-02-14 11:16:22.105+0000 INFO  [o.n.k.i.DiagnosticsManager]  [bootstrap + classpath + loader.0] file:/usr/lib/jvm/java-8-openjdk-amd64/jre/lib/jce.jar
2016-02-14 11:16:22.105+0000 INFO  [o.n.k.i.DiagnosticsManager]  [bootstrap + classpath + loader.0] file:/usr/lib/jvm/java-8-openjdk-amd64/jre/lib/rt.jar
2016-02-14 11:16:22.105+0000 INFO  [o.n.k.i.DiagnosticsManager]  [loader.1] file:/usr/lib/jvm/java-8-openjdk-amd64/jre/lib/ext/sunec.jar
2016-02-14 11:16:22.105+0000 INFO  [o.n.k.i.DiagnosticsManager]  [bootstrap] /usr/lib/jvm/java-8-openjdk-amd64/jre/lib/jfr.jar
2016-02-14 11:16:22.105+0000 INFO  [o.n.k.i.DiagnosticsManager]  [classpath + loader.0] file:/home/pablo/apps/neo4j-community-2.3.2/lib/neo4j-consistency-check-legacy-2.3.2.jar
2016-02-14 11:16:22.105+0000 INFO  [o.n.k.i.DiagnosticsManager]  [loader.1] file:/usr/lib/jvm/java-8-openjdk-amd64/jre/lib/ext/cldrdata.jar
2016-02-14 11:16:22.106+0000 INFO  [o.n.k.i.DiagnosticsManager]  [bootstrap] /usr/lib/jvm/java-8-openjdk-amd64/jre/classes
2016-02-14 11:16:22.106+0000 INFO  [o.n.k.i.DiagnosticsManager]  [classpath + loader.0] file:/home/pablo/apps/neo4j-community-2.3.2/lib/scala-parser-combinators_2.11-1.0.4.jar
2016-02-14 11:16:22.106+0000 INFO  [o.n.k.i.DiagnosticsManager]  [classpath + loader.0] file:/home/pablo/sandbag/repositories/eutldb/out/production/eutldb/
2016-02-14 11:16:22.106+0000 INFO  [o.n.k.i.DiagnosticsManager]  [loader.1] file:/usr/lib/jvm/java-8-openjdk-amd64/jre/lib/ext/zipfs.jar
2016-02-14 11:16:22.106+0000 INFO  [o.n.k.i.DiagnosticsManager]  [classpath + loader.0] file:/home/pablo/apps/neo4j-community-2.3.2/lib/neo4j-cypher-frontend-2.3-2.3.2.jar
2016-02-14 11:16:22.106+0000 INFO  [o.n.k.i.DiagnosticsManager]  [classpath + loader.0] file:/home/pablo/apps/neo4j-community-2.3.2/lib/neo4j-udc-2.3.2.jar
2016-02-14 11:16:22.106+0000 INFO  [o.n.k.i.DiagnosticsManager]  [classpath + loader.0] file:/home/pablo/apps/neo4j-community-2.3.2/lib/neo4j-logging-2.3.2.jar
2016-02-14 11:16:22.106+0000 INFO  [o.n.k.i.DiagnosticsManager]  [classpath + loader.0] file:/home/pablo/apps/neo4j-community-2.3.2/lib/server-api-2.3.2.jar
2016-02-14 11:16:22.106+0000 INFO  [o.n.k.i.DiagnosticsManager]  [classpath + loader.0] file:/home/pablo/apps/neo4j-community-2.3.2/lib/parboiled-scala_2.11-1.1.7.jar
2016-02-14 11:16:22.106+0000 INFO  [o.n.k.i.DiagnosticsManager]  [classpath + loader.0] file:/home/pablo/apps/neo4j-community-2.3.2/lib/neo4j-shell-2.3.2.jar
2016-02-14 11:16:22.106+0000 INFO  [o.n.k.i.DiagnosticsManager]  [classpath + loader.0] file:/home/pablo/apps/neo4j-community-2.3.2/lib/scala-library-2.11.7.jar
2016-02-14 11:16:22.106+0000 INFO  [o.n.k.i.DiagnosticsManager]  [classpath + loader.0] file:/home/pablo/apps/neo4j-community-2.3.2/lib/neo4j-lucene-index-2.3.2.jar
2016-02-14 11:16:22.106+0000 INFO  [o.n.k.i.DiagnosticsManager]  [classpath + loader.0] file:/home/pablo/apps/neo4j-community-2.3.2/lib/concurrentlinkedhashmap-lru-1.4.2.jar
2016-02-14 11:16:22.106+0000 INFO  [o.n.k.i.DiagnosticsManager]  [classpath + loader.0] file:/home/pablo/apps/neo4j-community-2.3.2/lib/scala-reflect-2.11.7.jar
2016-02-14 11:16:22.106+0000 INFO  [o.n.k.i.DiagnosticsManager]  [classpath + loader.0] file:/home/pablo/apps/neo4j-community-2.3.2/lib/parboiled-core-1.1.7.jar
2016-02-14 11:16:22.106+0000 INFO  [o.n.k.i.DiagnosticsManager]  [bootstrap + classpath + loader.0] file:/usr/lib/jvm/java-8-openjdk-amd64/jre/lib/charsets.jar
2016-02-14 11:16:22.106+0000 INFO  [o.n.k.i.DiagnosticsManager]  [loader.1] file:/usr/lib/jvm/java-8-openjdk-amd64/jre/lib/ext/dnsns.jar
2016-02-14 11:16:22.106+0000 INFO  [o.n.k.i.DiagnosticsManager]  [bootstrap + classpath + loader.0] file:/usr/lib/jvm/java-8-openjdk-amd64/jre/lib/jsse.jar
2016-02-14 11:16:22.106+0000 INFO  [o.n.k.i.DiagnosticsManager]  [classpath + loader.0] file:/home/pablo/apps/neo4j-community-2.3.2/lib/neo4j-cypher-compiler-2.2_2.11-2.2.6.jar
2016-02-14 11:16:22.107+0000 INFO  [o.n.k.i.DiagnosticsManager]  [classpath + loader.0] file:/home/pablo/apps/neo4j-community-2.3.2/lib/neo4j-csv-2.3.2.jar
2016-02-14 11:16:22.107+0000 INFO  [o.n.k.i.DiagnosticsManager]  [classpath + loader.0] file:/home/pablo/apps/idea-IC-143.1184.17/lib/idea_rt.jar
2016-02-14 11:16:22.107+0000 INFO  [o.n.k.i.DiagnosticsManager]  [classpath + loader.0] file:/home/pablo/apps/neo4j-community-2.3.2/lib/neo4j-cypher-compiler-1.9_2.11-2.0.5.jar
2016-02-14 11:16:22.107+0000 INFO  [o.n.k.i.DiagnosticsManager]  [classpath + loader.0] file:/home/pablo/apps/neo4j-community-2.3.2/lib/neo4j-io-2.3.2.jar
2016-02-14 11:16:22.107+0000 INFO  [o.n.k.i.DiagnosticsManager] Library path:
2016-02-14 11:16:22.107+0000 INFO  [o.n.k.i.DiagnosticsManager] /home/pablo/sandbag/repositories/eutldb
2016-02-14 11:16:22.107+0000 INFO  [o.n.k.i.DiagnosticsManager] /home/pablo/sandbag/repositories/eutldb
2016-02-14 11:16:22.107+0000 INFO  [o.n.k.i.DiagnosticsManager] /usr/java/packages/lib/amd64
2016-02-14 11:16:22.107+0000 INFO  [o.n.k.i.DiagnosticsManager] /usr/lib/x86_64-linux-gnu/jni
2016-02-14 11:16:22.107+0000 INFO  [o.n.k.i.DiagnosticsManager] /lib/x86_64-linux-gnu
2016-02-14 11:16:22.107+0000 INFO  [o.n.k.i.DiagnosticsManager] /usr/lib/x86_64-linux-gnu
2016-02-14 11:16:22.107+0000 INFO  [o.n.k.i.DiagnosticsManager] /usr/lib/jni
2016-02-14 11:16:22.107+0000 INFO  [o.n.k.i.DiagnosticsManager] /lib
2016-02-14 11:16:22.107+0000 INFO  [o.n.k.i.DiagnosticsManager] /usr/lib
2016-02-14 11:16:22.108+0000 INFO  [o.n.k.i.DiagnosticsManager] System.properties:
2016-02-14 11:16:22.108+0000 INFO  [o.n.k.i.DiagnosticsManager] sun.boot.library.path = /usr/lib/jvm/java-8-openjdk-amd64/jre/lib/amd64
2016-02-14 11:16:22.108+0000 INFO  [o.n.k.i.DiagnosticsManager] path.separator = :
2016-02-14 11:16:22.108+0000 INFO  [o.n.k.i.DiagnosticsManager] idea.launcher.port = 7532
2016-02-14 11:16:22.108+0000 INFO  [o.n.k.i.DiagnosticsManager] file.encoding.pkg = sun.io
2016-02-14 11:16:22.108+0000 INFO  [o.n.k.i.DiagnosticsManager] user.country = US
2016-02-14 11:16:22.108+0000 INFO  [o.n.k.i.DiagnosticsManager] sun.java.launcher = SUN_STANDARD
2016-02-14 11:16:22.108+0000 INFO  [o.n.k.i.DiagnosticsManager] sun.os.patch.level = unknown
2016-02-14 11:16:22.108+0000 INFO  [o.n.k.i.DiagnosticsManager] user.dir = /home/pablo/sandbag/repositories/eutldb
2016-02-14 11:16:22.108+0000 INFO  [o.n.k.i.DiagnosticsManager] sun.jnu.encoding = UTF-8
2016-02-14 11:16:22.108+0000 INFO  [o.n.k.i.DiagnosticsManager] sun.management.compiler = HotSpot 64-Bit Tiered Compilers
2016-02-14 11:16:22.109+0000 INFO  [o.n.k.i.DiagnosticsManager] user.home = /home/pablo
2016-02-14 11:16:22.109+0000 INFO  [o.n.k.i.DiagnosticsManager] user.timezone = Europe/Madrid
2016-02-14 11:16:22.109+0000 INFO  [o.n.k.i.DiagnosticsManager] file.encoding = UTF-8
2016-02-14 11:16:22.109+0000 INFO  [o.n.k.i.DiagnosticsManager] idea.launcher.bin.path = /home/pablo/apps/idea-IC-143.1184.17/bin
2016-02-14 11:16:22.109+0000 INFO  [o.n.k.i.DiagnosticsManager] user.name = pablo
2016-02-14 11:16:22.109+0000 INFO  [o.n.k.i.DiagnosticsManager] sun.java.command = com.intellij.rt.execution.application.AppMain org.sandbag.EUTLDataImporter eutldb /home/pablo/sandbag/EUTL_data/mega_file.csv
2016-02-14 11:16:22.109+0000 INFO  [o.n.k.i.DiagnosticsManager] sun.arch.data.model = 64
2016-02-14 11:16:22.109+0000 INFO  [o.n.k.i.DiagnosticsManager] user.language = en
2016-02-14 11:16:22.109+0000 INFO  [o.n.k.i.DiagnosticsManager] awt.toolkit = sun.awt.X11.XToolkit
2016-02-14 11:16:22.109+0000 INFO  [o.n.k.i.DiagnosticsManager] file.separator = /
2016-02-14 11:16:22.109+0000 INFO  [o.n.k.i.DiagnosticsManager] sun.io.unicode.encoding = UnicodeLittle
2016-02-14 11:16:22.109+0000 INFO  [o.n.k.i.DiagnosticsManager] sun.cpu.endian = little
2016-02-14 11:16:22.109+0000 INFO  [o.n.k.i.DiagnosticsManager] sun.desktop = gnome
2016-02-14 11:16:22.109+0000 INFO  [o.n.k.i.DiagnosticsManager] sun.cpu.isalist = 
2016-02-14 11:16:22.109+0000 INFO  [o.n.k.i.DiagnosticsManager] Linux scheduler information:
2016-02-14 11:16:22.110+0000 INFO  [o.n.k.i.DiagnosticsManager] noop [deadline] cfq 
2016-02-14 11:16:22.111+0000 INFO  [o.n.k.i.DiagnosticsManager] none
2016-02-14 11:16:22.111+0000 INFO  [o.n.k.i.DiagnosticsManager] none
2016-02-14 11:16:22.111+0000 INFO  [o.n.k.i.DiagnosticsManager] none
2016-02-14 11:16:22.111+0000 INFO  [o.n.k.i.DiagnosticsManager] none
2016-02-14 11:16:22.111+0000 INFO  [o.n.k.i.DiagnosticsManager] none
2016-02-14 11:16:22.111+0000 INFO  [o.n.k.i.DiagnosticsManager] none
2016-02-14 11:16:22.111+0000 INFO  [o.n.k.i.DiagnosticsManager] none
2016-02-14 11:16:22.112+0000 INFO  [o.n.k.i.DiagnosticsManager] none
2016-02-14 11:16:22.112+0000 INFO  [o.n.k.i.DiagnosticsManager] none
2016-02-14 11:16:22.112+0000 INFO  [o.n.k.i.DiagnosticsManager] none
2016-02-14 11:16:22.112+0000 INFO  [o.n.k.i.DiagnosticsManager] none
2016-02-14 11:16:22.112+0000 INFO  [o.n.k.i.DiagnosticsManager] none
2016-02-14 11:16:22.112+0000 INFO  [o.n.k.i.DiagnosticsManager] none
2016-02-14 11:16:22.112+0000 INFO  [o.n.k.i.DiagnosticsManager] none
2016-02-14 11:16:22.112+0000 INFO  [o.n.k.i.DiagnosticsManager] none
2016-02-14 11:16:22.112+0000 INFO  [o.n.k.i.DiagnosticsManager] none
2016-02-14 11:16:22.113+0000 INFO  [o.n.k.i.DiagnosticsManager] none
2016-02-14 11:16:22.113+0000 INFO  [o.n.k.i.DiagnosticsManager] none
2016-02-14 11:16:22.113+0000 INFO  [o.n.k.i.DiagnosticsManager] none
2016-02-14 11:16:22.113+0000 INFO  [o.n.k.i.DiagnosticsManager] none
2016-02-14 11:16:22.113+0000 INFO  [o.n.k.i.DiagnosticsManager] none
2016-02-14 11:16:22.113+0000 INFO  [o.n.k.i.DiagnosticsManager] none
2016-02-14 11:16:22.113+0000 INFO  [o.n.k.i.DiagnosticsManager] none
2016-02-14 11:16:22.113+0000 INFO  [o.n.k.i.DiagnosticsManager] none
2016-02-14 11:16:22.113+0000 INFO  [o.n.k.i.DiagnosticsManager] Network information:
2016-02-14 11:16:22.114+0000 INFO  [o.n.k.i.DiagnosticsManager] Interface wlan0:
2016-02-14 11:16:22.115+0000 INFO  [o.n.k.i.DiagnosticsManager]     address: fe80:0:0:0:3668:95ff:feec:ef7b%wlan0
2016-02-14 11:16:22.115+0000 INFO  [o.n.k.i.DiagnosticsManager]     address: 192.168.1.133
2016-02-14 11:16:22.115+0000 INFO  [o.n.k.i.DiagnosticsManager] Interface lo:
2016-02-14 11:16:22.115+0000 INFO  [o.n.k.i.DiagnosticsManager]     address: 0:0:0:0:0:0:0:1%lo
2016-02-14 11:16:22.115+0000 INFO  [o.n.k.i.DiagnosticsManager]     address: 127.0.0.1
2016-02-14 11:16:22.115+0000 INFO  [o.n.k.i.DiagnosticsManager] --- INITIALIZED diagnostics END ---
2016-02-14 11:16:22.735+0000 INFO  [o.n.k.a.i.i.LuceneLabelScanStore] No lucene scan store index found, this might just be first use. Preparing to rebuild.
2016-02-14 11:16:22.789+0000 INFO  [o.n.k.NeoStoreDataSource] Opened logical log [/home/pablo/sandbag/repositories/eutldb/eutldb/neostore.transaction.db.0] version=0, lastTxId=1 (clean)
2016-02-14 11:16:22.795+0000 WARN  [o.n.k.i.s.MetaDataStore] Missing counts store, rebuilding it.
2016-02-14 11:16:22.870+0000 INFO  [o.n.k.a.i.i.LuceneLabelScanStore] Rebuilding lucene scan store, this may take a while
2016-02-14 11:16:22.871+0000 INFO  [o.n.k.a.i.i.LuceneLabelScanStore] Lucene scan store rebuilt (roughly -1 nodes)
2016-02-14 11:16:22.875+0000 INFO  [o.n.k.KernelHealth] Kernel health set to OK
2016-02-14 11:16:23.074+0000 INFO  [o.n.k.AvailabilityGuard] Fulfilling of requirement makes database available: Database available
2016-02-14 11:16:23.074+0000 INFO  [o.n.k.i.f.CommunityFacadeFactory] Database is now ready
2016-02-14 11:16:23.076+0000 INFO  [o.n.k.i.DiagnosticsManager] --- STARTED diagnostics for KernelDiagnostics:Versions START ---
2016-02-14 11:16:23.076+0000 INFO  [o.n.k.i.DiagnosticsManager] Graph Database: Community StoreId{creationTime=1455448582629, randomId=6600603746727919626, storeVersion=15250506225055238, upgradeTime=1455448582629, upgradeId=1}
2016-02-14 11:16:23.076+0000 INFO  [o.n.k.i.DiagnosticsManager] Kernel version: 2.3.2,30a48a0
2016-02-14 11:16:23.076+0000 INFO  [o.n.k.i.DiagnosticsManager] --- STARTED diagnostics for KernelDiagnostics:Versions END ---
2016-02-14 11:16:23.079+0000 INFO  [o.n.k.i.DiagnosticsManager] --- STARTED diagnostics for NEO_STORE_VERSIONS START ---
2016-02-14 11:16:23.079+0000 INFO  [o.n.k.i.DiagnosticsManager] Store versions:
2016-02-14 11:16:23.079+0000 INFO  [o.n.k.i.DiagnosticsManager] Store versions:
2016-02-14 11:16:23.079+0000 INFO  [o.n.k.i.DiagnosticsManager] ArrayPropertyStore v0.A.6
2016-02-14 11:16:23.079+0000 INFO  [o.n.k.i.DiagnosticsManager] NodeStore v0.A.6
2016-02-14 11:16:23.079+0000 INFO  [o.n.k.i.DiagnosticsManager] StringPropertyStore v0.A.6
2016-02-14 11:16:23.079+0000 INFO  [o.n.k.i.DiagnosticsManager] PropertyIndexStore v0.A.6
2016-02-14 11:16:23.080+0000 INFO  [o.n.k.i.DiagnosticsManager] StringPropertyStore v0.A.6
2016-02-14 11:16:23.080+0000 INFO  [o.n.k.i.DiagnosticsManager] ArrayPropertyStore v0.A.6
2016-02-14 11:16:23.080+0000 INFO  [o.n.k.i.DiagnosticsManager] PropertyStore v0.A.6
2016-02-14 11:16:23.080+0000 INFO  [o.n.k.i.DiagnosticsManager] RelationshipStore v0.A.6
2016-02-14 11:16:23.080+0000 INFO  [o.n.k.i.DiagnosticsManager] StringPropertyStore v0.A.6
2016-02-14 11:16:23.080+0000 INFO  [o.n.k.i.DiagnosticsManager] RelationshipTypeStore v0.A.6
2016-02-14 11:16:23.080+0000 INFO  [o.n.k.i.DiagnosticsManager] StringPropertyStore v0.A.6
2016-02-14 11:16:23.080+0000 INFO  [o.n.k.i.DiagnosticsManager] LabelTokenStore v0.A.6
2016-02-14 11:16:23.080+0000 INFO  [o.n.k.i.DiagnosticsManager] SchemaStore v0.A.6
2016-02-14 11:16:23.080+0000 INFO  [o.n.k.i.DiagnosticsManager] RelationshipGroupStore v0.A.6
2016-02-14 11:16:23.080+0000 INFO  [o.n.k.i.DiagnosticsManager] NeoStore v0.A.6
2016-02-14 11:16:23.080+0000 INFO  [o.n.k.i.DiagnosticsManager] --- STARTED diagnostics for NEO_STORE_VERSIONS END ---
2016-02-14 11:16:23.080+0000 INFO  [o.n.k.i.DiagnosticsManager] --- STARTED diagnostics for NEO_STORE_ID_USAGE START ---
2016-02-14 11:16:23.080+0000 INFO  [o.n.k.i.DiagnosticsManager] Id usage:
2016-02-14 11:16:23.081+0000 INFO  [o.n.k.i.DiagnosticsManager] Id usage:
2016-02-14 11:16:23.081+0000 INFO  [o.n.k.i.DiagnosticsManager]   ArrayPropertyStore v0.A.6: used=1 high=0
2016-02-14 11:16:23.081+0000 INFO  [o.n.k.i.DiagnosticsManager]   NodeStore v0.A.6: used=0 high=-1
2016-02-14 11:16:23.081+0000 INFO  [o.n.k.i.DiagnosticsManager]   StringPropertyStore v0.A.6: used=1 high=0
2016-02-14 11:16:23.081+0000 INFO  [o.n.k.i.DiagnosticsManager]   PropertyIndexStore v0.A.6: used=0 high=-1
2016-02-14 11:16:23.081+0000 INFO  [o.n.k.i.DiagnosticsManager]   StringPropertyStore v0.A.6: used=1 high=0
2016-02-14 11:16:23.082+0000 INFO  [o.n.k.i.DiagnosticsManager]   ArrayPropertyStore v0.A.6: used=1 high=0
2016-02-14 11:16:23.082+0000 INFO  [o.n.k.i.DiagnosticsManager]   PropertyStore v0.A.6: used=0 high=-1
2016-02-14 11:16:23.082+0000 INFO  [o.n.k.i.DiagnosticsManager]   RelationshipStore v0.A.6: used=0 high=-1
2016-02-14 11:16:23.082+0000 INFO  [o.n.k.i.DiagnosticsManager]   StringPropertyStore v0.A.6: used=1 high=0
2016-02-14 11:16:23.082+0000 INFO  [o.n.k.i.DiagnosticsManager]   RelationshipTypeStore v0.A.6: used=0 high=-1
2016-02-14 11:16:23.082+0000 INFO  [o.n.k.i.DiagnosticsManager]   StringPropertyStore v0.A.6: used=1 high=0
2016-02-14 11:16:23.083+0000 INFO  [o.n.k.i.DiagnosticsManager]   LabelTokenStore v0.A.6: used=0 high=-1
2016-02-14 11:16:23.083+0000 INFO  [o.n.k.i.DiagnosticsManager]   SchemaStore v0.A.6: used=1 high=0
2016-02-14 11:16:23.083+0000 INFO  [o.n.k.i.DiagnosticsManager]   RelationshipGroupStore v0.A.6: used=1 high=0
2016-02-14 11:16:23.083+0000 INFO  [o.n.k.i.DiagnosticsManager]   NeoStore v0.A.6: used=13 high=12
2016-02-14 11:16:23.083+0000 INFO  [o.n.k.i.DiagnosticsManager] --- STARTED diagnostics for NEO_STORE_ID_USAGE END ---
2016-02-14 11:16:23.083+0000 INFO  [o.n.k.i.DiagnosticsManager] --- STARTED diagnostics for NEO_STORE_RECORDS START ---
2016-02-14 11:16:23.083+0000 INFO  [o.n.k.i.DiagnosticsManager] Neostore records:
2016-02-14 11:16:23.084+0000 INFO  [o.n.k.i.DiagnosticsManager] TIME (Creation time): 1455448582629
2016-02-14 11:16:23.084+0000 INFO  [o.n.k.i.DiagnosticsManager] RANDOM_NUMBER (Random number for store id): 6600603746727919626
2016-02-14 11:16:23.084+0000 INFO  [o.n.k.i.DiagnosticsManager] LOG_VERSION (Current log version): 0
2016-02-14 11:16:23.085+0000 INFO  [o.n.k.i.DiagnosticsManager] LAST_TRANSACTION_ID (Last committed transaction): 1
2016-02-14 11:16:23.085+0000 INFO  [o.n.k.i.DiagnosticsManager] STORE_VERSION (Store format version): 15250506225055238
2016-02-14 11:16:23.085+0000 INFO  [o.n.k.i.DiagnosticsManager] FIRST_GRAPH_PROPERTY (First property record containing graph properties): -1
2016-02-14 11:16:23.085+0000 INFO  [o.n.k.i.DiagnosticsManager] LAST_CONSTRAINT_TRANSACTION (Last committed transaction containing constraint changes): 0
2016-02-14 11:16:23.085+0000 INFO  [o.n.k.i.DiagnosticsManager] UPGRADE_TRANSACTION_ID (Transaction id most recent upgrade was performed at): 1
2016-02-14 11:16:23.085+0000 INFO  [o.n.k.i.DiagnosticsManager] UPGRADE_TIME (Time of last upgrade): 1455448582629
2016-02-14 11:16:23.085+0000 INFO  [o.n.k.i.DiagnosticsManager] LAST_TRANSACTION_CHECKSUM (Checksum of last committed transaction): 0
2016-02-14 11:16:23.085+0000 INFO  [o.n.k.i.DiagnosticsManager] UPGRADE_TRANSACTION_CHECKSUM (Checksum of transaction id the most recent upgrade was performed at): 0
2016-02-14 11:16:23.085+0000 INFO  [o.n.k.i.DiagnosticsManager] LAST_CLOSED_TRANSACTION_LOG_VERSION (Log version where the last transaction commit entry has been written into): 0
2016-02-14 11:16:23.085+0000 INFO  [o.n.k.i.DiagnosticsManager] LAST_CLOSED_TRANSACTION_LOG_BYTE_OFFSET (Byte offset in the log file where the last transaction commit entry has been written into): 16
2016-02-14 11:16:23.085+0000 INFO  [o.n.k.i.DiagnosticsManager] --- STARTED diagnostics for NEO_STORE_RECORDS END ---
2016-02-14 11:16:23.085+0000 INFO  [o.n.k.i.DiagnosticsManager] --- STARTED diagnostics for TRANSACTION_RANGE START ---
2016-02-14 11:16:23.085+0000 INFO  [o.n.k.i.DiagnosticsManager] Transaction log:
2016-02-14 11:16:23.087+0000 INFO  [o.n.k.i.DiagnosticsManager] No transactions found in any log
2016-02-14 11:16:23.087+0000 INFO  [o.n.k.i.DiagnosticsManager] --- STARTED diagnostics for TRANSACTION_RANGE END ---
2016-02-14 11:16:23.087+0000 INFO  [o.n.k.i.DiagnosticsManager] --- STARTED diagnostics for KernelDiagnostics:StoreFiles START ---
2016-02-14 11:16:23.088+0000 INFO  [o.n.k.i.DiagnosticsManager] Disk space on partition (Total / Free / Free %): 231463104512 / 198418677760 / 85
Storage files: (filename : modification date - size)
2016-02-14 11:16:23.089+0000 INFO  [o.n.k.i.DiagnosticsManager]   index:
2016-02-14 11:16:23.089+0000 INFO  [o.n.k.i.DiagnosticsManager]   - Total: 2016-02-14T12:16:22+0100 - 0.00 B
2016-02-14 11:16:23.090+0000 INFO  [o.n.k.i.DiagnosticsManager]   messages.log: 2016-02-14T12:16:23+0100 - 27.57 kB
2016-02-14 11:16:23.090+0000 INFO  [o.n.k.i.DiagnosticsManager]   neostore: 2016-02-14T12:16:22+0100 - 8.00 kB
2016-02-14 11:16:23.090+0000 INFO  [o.n.k.i.DiagnosticsManager]   neostore.counts.db.a: 2016-02-14T12:16:22+0100 - 96.00 B
2016-02-14 11:16:23.091+0000 INFO  [o.n.k.i.DiagnosticsManager]   neostore.id: 2016-02-14T12:16:22+0100 - 9.00 B
2016-02-14 11:16:23.091+0000 INFO  [o.n.k.i.DiagnosticsManager]   neostore.labeltokenstore.db: 2016-02-14T12:16:22+0100 - 0.00 B
2016-02-14 11:16:23.091+0000 INFO  [o.n.k.i.DiagnosticsManager]   neostore.labeltokenstore.db.id: 2016-02-14T12:16:22+0100 - 9.00 B
2016-02-14 11:16:23.091+0000 INFO  [o.n.k.i.DiagnosticsManager]   neostore.labeltokenstore.db.names: 2016-02-14T12:16:22+0100 - 8.00 kB
2016-02-14 11:16:23.092+0000 INFO  [o.n.k.i.DiagnosticsManager]   neostore.labeltokenstore.db.names.id: 2016-02-14T12:16:22+0100 - 9.00 B
2016-02-14 11:16:23.092+0000 INFO  [o.n.k.i.DiagnosticsManager]   neostore.nodestore.db: 2016-02-14T12:16:22+0100 - 0.00 B
2016-02-14 11:16:23.092+0000 INFO  [o.n.k.i.DiagnosticsManager]   neostore.nodestore.db.id: 2016-02-14T12:16:22+0100 - 9.00 B
2016-02-14 11:16:23.093+0000 INFO  [o.n.k.i.DiagnosticsManager]   neostore.nodestore.db.labels: 2016-02-14T12:16:22+0100 - 8.00 kB
2016-02-14 11:16:23.093+0000 INFO  [o.n.k.i.DiagnosticsManager]   neostore.nodestore.db.labels.id: 2016-02-14T12:16:22+0100 - 9.00 B
2016-02-14 11:16:23.094+0000 INFO  [o.n.k.i.DiagnosticsManager]   neostore.propertystore.db: 2016-02-14T12:16:22+0100 - 0.00 B
2016-02-14 11:16:23.094+0000 INFO  [o.n.k.i.DiagnosticsManager]   neostore.propertystore.db.arrays: 2016-02-14T12:16:22+0100 - 8.00 kB
2016-02-14 11:16:23.094+0000 INFO  [o.n.k.i.DiagnosticsManager]   neostore.propertystore.db.arrays.id: 2016-02-14T12:16:22+0100 - 9.00 B
2016-02-14 11:16:23.094+0000 INFO  [o.n.k.i.DiagnosticsManager]   neostore.propertystore.db.id: 2016-02-14T12:16:22+0100 - 9.00 B
2016-02-14 11:16:23.095+0000 INFO  [o.n.k.i.DiagnosticsManager]   neostore.propertystore.db.index: 2016-02-14T12:16:22+0100 - 0.00 B
2016-02-14 11:16:23.095+0000 INFO  [o.n.k.i.DiagnosticsManager]   neostore.propertystore.db.index.id: 2016-02-14T12:16:22+0100 - 9.00 B
2016-02-14 11:16:23.095+0000 INFO  [o.n.k.i.DiagnosticsManager]   neostore.propertystore.db.index.keys: 2016-02-14T12:16:22+0100 - 8.00 kB
2016-02-14 11:16:23.095+0000 INFO  [o.n.k.i.DiagnosticsManager]   neostore.propertystore.db.index.keys.id: 2016-02-14T12:16:22+0100 - 9.00 B
2016-02-14 11:16:23.096+0000 INFO  [o.n.k.i.DiagnosticsManager]   neostore.propertystore.db.strings: 2016-02-14T12:16:22+0100 - 8.00 kB
2016-02-14 11:16:23.096+0000 INFO  [o.n.k.i.DiagnosticsManager]   neostore.propertystore.db.strings.id: 2016-02-14T12:16:22+0100 - 9.00 B
2016-02-14 11:16:23.096+0000 INFO  [o.n.k.i.DiagnosticsManager]   neostore.relationshipgroupstore.db: 2016-02-14T12:16:22+0100 - 8.00 kB
2016-02-14 11:16:23.097+0000 INFO  [o.n.k.i.DiagnosticsManager]   neostore.relationshipgroupstore.db.id: 2016-02-14T12:16:22+0100 - 9.00 B
2016-02-14 11:16:23.097+0000 INFO  [o.n.k.i.DiagnosticsManager]   neostore.relationshipstore.db: 2016-02-14T12:16:22+0100 - 0.00 B
2016-02-14 11:16:23.097+0000 INFO  [o.n.k.i.DiagnosticsManager]   neostore.relationshipstore.db.id: 2016-02-14T12:16:22+0100 - 9.00 B
2016-02-14 11:16:23.097+0000 INFO  [o.n.k.i.DiagnosticsManager]   neostore.relationshiptypestore.db: 2016-02-14T12:16:22+0100 - 0.00 B
2016-02-14 11:16:23.097+0000 INFO  [o.n.k.i.DiagnosticsManager]   neostore.relationshiptypestore.db.id: 2016-02-14T12:16:22+0100 - 9.00 B
2016-02-14 11:16:23.098+0000 INFO  [o.n.k.i.DiagnosticsManager]   neostore.relationshiptypestore.db.names: 2016-02-14T12:16:22+0100 - 8.00 kB
2016-02-14 11:16:23.098+0000 INFO  [o.n.k.i.DiagnosticsManager]   neostore.relationshiptypestore.db.names.id: 2016-02-14T12:16:22+0100 - 9.00 B
2016-02-14 11:16:23.098+0000 INFO  [o.n.k.i.DiagnosticsManager]   neostore.schemastore.db: 2016-02-14T12:16:22+0100 - 8.00 kB
2016-02-14 11:16:23.098+0000 INFO  [o.n.k.i.DiagnosticsManager]   neostore.schemastore.db.id: 2016-02-14T12:16:22+0100 - 9.00 B
2016-02-14 11:16:23.098+0000 INFO  [o.n.k.i.DiagnosticsManager]   neostore.transaction.db.0: 2016-02-14T12:16:22+0100 - 16.00 B
2016-02-14 11:16:23.098+0000 INFO  [o.n.k.i.DiagnosticsManager]   schema:
2016-02-14 11:16:23.098+0000 INFO  [o.n.k.i.DiagnosticsManager]     label:
2016-02-14 11:16:23.098+0000 INFO  [o.n.k.i.DiagnosticsManager]       lucene:
2016-02-14 11:16:23.099+0000 INFO  [o.n.k.i.DiagnosticsManager]         write.lock: 2016-02-14T12:16:22+0100 - 0.00 B
2016-02-14 11:16:23.099+0000 INFO  [o.n.k.i.DiagnosticsManager]       - Total: 2016-02-14T12:16:22+0100 - 0.00 B
2016-02-14 11:16:23.099+0000 INFO  [o.n.k.i.DiagnosticsManager]     - Total: 2016-02-14T12:16:22+0100 - 0.00 B
2016-02-14 11:16:23.099+0000 INFO  [o.n.k.i.DiagnosticsManager]   - Total: 2016-02-14T12:16:22+0100 - 0.00 B
2016-02-14 11:16:23.099+0000 INFO  [o.n.k.i.DiagnosticsManager]   store_lock: 2016-02-14T12:16:22+0100 - 0.00 B
2016-02-14 11:16:23.099+0000 INFO  [o.n.k.i.DiagnosticsManager] --- STARTED diagnostics for KernelDiagnostics:StoreFiles END ---
2016-02-14 11:16:24.300+0000 INFO  [o.n.k.i.f.GraphDatabaseFacade] Shutdown started
2016-02-14 11:16:24.301+0000 INFO  [o.n.k.i.f.CommunityFacadeFactory] Database is now unavailable
2016-02-14 11:16:24.329+0000 INFO  [o.n.k.i.t.l.c.CheckPointerImpl] Check Pointing triggered by database shutdown [1]:  Starting check pointing...
2016-02-14 11:16:24.329+0000 INFO  [o.n.k.i.t.l.c.CheckPointerImpl] Check Pointing triggered by database shutdown [1]:  Starting store flush...
2016-02-14 11:16:24.335+0000 INFO  [o.n.k.i.t.l.c.CheckPointerImpl] Check Pointing triggered by database shutdown [1]:  Store flush completed
2016-02-14 11:16:24.335+0000 INFO  [o.n.k.i.t.l.c.CheckPointerImpl] Check Pointing triggered by database shutdown [1]:  Starting appending check point entry into the tx log...
2016-02-14 11:16:24.351+0000 INFO  [o.n.k.i.t.l.c.CheckPointerImpl] Check Pointing triggered by database shutdown [1]:  Appending check point entry into the tx log completed
2016-02-14 11:16:24.351+0000 INFO  [o.n.k.i.t.l.c.CheckPointerImpl] Check Pointing triggered by database shutdown [1]:  Check pointing completed
2016-02-14 11:16:24.351+0000 INFO  [o.n.k.i.t.l.p.LogPruningImpl] Log Rotation [0]:  Starting log pruning.
2016-02-14 11:16:24.351+0000 INFO  [o.n.k.i.t.l.p.LogPruningImpl] Log Rotation [0]:  Log pruning complete.
2016-02-14 11:16:24.430+0000 INFO  [o.n.k.NeoStoreDataSource] NeoStores closed
2016-02-14 11:16:24.431+0000 INFO  [o.n.k.i.DiagnosticsManager] --- STOPPING diagnostics START ---
2016-02-14 11:16:24.431+0000 INFO  [o.n.k.i.DiagnosticsManager] --- STOPPING diagnostics END ---
2016-02-14 11:17:25.973+0000 INFO  [o.n.k.i.f.CommunityFacadeFactory] No locking implementation specified, defaulting to 'community'
2016-02-14 11:17:26.091+0000 INFO  [o.n.k.AvailabilityGuard] Requirement makes database unavailable: Database available
2016-02-14 11:17:26.100+0000 INFO  [o.n.k.i.DiagnosticsManager] --- INITIALIZED diagnostics START ---
2016-02-14 11:17:26.101+0000 INFO  [o.n.k.i.DiagnosticsManager] Neo4j Kernel properties:
2016-02-14 11:17:26.103+0000 INFO  [o.n.k.i.DiagnosticsManager] ephemeral=false
2016-02-14 11:17:26.103+0000 INFO  [o.n.k.i.DiagnosticsManager] edition=Community
2016-02-14 11:17:26.103+0000 INFO  [o.n.k.i.DiagnosticsManager] Diagnostics providers:
2016-02-14 11:17:26.103+0000 INFO  [o.n.k.i.DiagnosticsManager] org.neo4j.kernel.configuration.Config
2016-02-14 11:17:26.103+0000 INFO  [o.n.k.i.DiagnosticsManager] org.neo4j.kernel.info.DiagnosticsManager
2016-02-14 11:17:26.104+0000 INFO  [o.n.k.i.DiagnosticsManager] SYSTEM_MEMORY
2016-02-14 11:17:26.104+0000 INFO  [o.n.k.i.DiagnosticsManager] JAVA_MEMORY
2016-02-14 11:17:26.104+0000 INFO  [o.n.k.i.DiagnosticsManager] OPERATING_SYSTEM
2016-02-14 11:17:26.104+0000 INFO  [o.n.k.i.DiagnosticsManager] JAVA_VIRTUAL_MACHINE
2016-02-14 11:17:26.104+0000 INFO  [o.n.k.i.DiagnosticsManager] CLASSPATH
2016-02-14 11:17:26.104+0000 INFO  [o.n.k.i.DiagnosticsManager] LIBRARY_PATH
2016-02-14 11:17:26.104+0000 INFO  [o.n.k.i.DiagnosticsManager] SYSTEM_PROPERTIES
2016-02-14 11:17:26.104+0000 INFO  [o.n.k.i.DiagnosticsManager] LINUX_SCHEDULERS
2016-02-14 11:17:26.104+0000 INFO  [o.n.k.i.DiagnosticsManager] NETWORK
2016-02-14 11:17:26.105+0000 INFO  [o.n.k.i.DiagnosticsManager] System memory information:
2016-02-14 11:17:26.109+0000 INFO  [o.n.k.i.DiagnosticsManager] Total Physical memory: 7.70 GB
2016-02-14 11:17:26.109+0000 INFO  [o.n.k.i.DiagnosticsManager] Free Physical memory: 372.58 MB
2016-02-14 11:17:26.110+0000 INFO  [o.n.k.i.DiagnosticsManager] Committed virtual memory: 4.29 GB
2016-02-14 11:17:26.110+0000 INFO  [o.n.k.i.DiagnosticsManager] Total swap space: 15.81 GB
2016-02-14 11:17:26.111+0000 INFO  [o.n.k.i.DiagnosticsManager] Free swap space: 15.78 GB
2016-02-14 11:17:26.111+0000 INFO  [o.n.k.i.DiagnosticsManager] JVM memory information:
2016-02-14 11:17:26.111+0000 INFO  [o.n.k.i.DiagnosticsManager] Free  memory: 80.64 MB
2016-02-14 11:17:26.111+0000 INFO  [o.n.k.i.DiagnosticsManager] Total memory: 119.00 MB
2016-02-14 11:17:26.112+0000 INFO  [o.n.k.i.DiagnosticsManager] Max   memory: 1.71 GB
2016-02-14 11:17:26.113+0000 INFO  [o.n.k.i.DiagnosticsManager] Garbage Collector: PS Scavenge: [PS Eden Space, PS Survivor Space]
2016-02-14 11:17:26.114+0000 INFO  [o.n.k.i.DiagnosticsManager] Garbage Collector: PS MarkSweep: [PS Eden Space, PS Survivor Space, PS Old Gen]
2016-02-14 11:17:26.115+0000 INFO  [o.n.k.i.DiagnosticsManager] Memory Pool: Code Cache (Non-heap memory): committed=2.63 MB, used=2.61 MB, max=240.00 MB, threshold=0.00 B
2016-02-14 11:17:26.116+0000 INFO  [o.n.k.i.DiagnosticsManager] Memory Pool: Metaspace (Non-heap memory): committed=7.88 MB, used=7.53 MB, max=-1.00 B, threshold=0.00 B
2016-02-14 11:17:26.116+0000 INFO  [o.n.k.i.DiagnosticsManager] Memory Pool: Compressed Class Space (Non-heap memory): committed=1.13 MB, used=992.02 kB, max=1.00 GB, threshold=0.00 B
2016-02-14 11:17:26.117+0000 INFO  [o.n.k.i.DiagnosticsManager] Memory Pool: PS Eden Space (Heap memory): committed=31.00 MB, used=19.15 MB, max=648.00 MB, threshold=?
2016-02-14 11:17:26.118+0000 INFO  [o.n.k.i.DiagnosticsManager] Memory Pool: PS Survivor Space (Heap memory): committed=5.00 MB, used=5.00 MB, max=5.00 MB, threshold=?
2016-02-14 11:17:26.118+0000 INFO  [o.n.k.i.DiagnosticsManager] Memory Pool: PS Old Gen (Heap memory): committed=83.00 MB, used=14.21 MB, max=1.29 GB, threshold=0.00 B
2016-02-14 11:17:26.118+0000 INFO  [o.n.k.i.DiagnosticsManager] Operating system information:
2016-02-14 11:17:26.119+0000 INFO  [o.n.k.i.DiagnosticsManager] Operating System: Linux; version: 4.2.0-27-generic; arch: amd64; cpus: 4
2016-02-14 11:17:26.119+0000 INFO  [o.n.k.i.DiagnosticsManager] Max number of file descriptors: 64.00 kB
2016-02-14 11:17:26.120+0000 INFO  [o.n.k.i.DiagnosticsManager] Number of open file descriptors: 57.00 B
2016-02-14 11:17:26.125+0000 INFO  [o.n.k.i.DiagnosticsManager] Process id: 31610@pablo-xps-13-9343
2016-02-14 11:17:26.125+0000 INFO  [o.n.k.i.DiagnosticsManager] Byte order: LITTLE_ENDIAN
2016-02-14 11:17:26.125+0000 INFO  [o.n.k.i.DiagnosticsManager] Local timezone: Europe/Madrid
2016-02-14 11:17:26.125+0000 INFO  [o.n.k.i.DiagnosticsManager] JVM information:
2016-02-14 11:17:26.125+0000 INFO  [o.n.k.i.DiagnosticsManager] VM Name: OpenJDK 64-Bit Server VM
2016-02-14 11:17:26.125+0000 INFO  [o.n.k.i.DiagnosticsManager] VM Vendor: Oracle Corporation
2016-02-14 11:17:26.125+0000 INFO  [o.n.k.i.DiagnosticsManager] VM Version: 25.66-b17
2016-02-14 11:17:26.126+0000 INFO  [o.n.k.i.DiagnosticsManager] JIT compiler: HotSpot 64-Bit Tiered Compilers
2016-02-14 11:17:26.126+0000 INFO  [o.n.k.i.DiagnosticsManager] VM Arguments: [-Didea.launcher.port=7533, -Didea.launcher.bin.path=/home/pablo/apps/idea-IC-143.1184.17/bin, -Dfile.encoding=UTF-8]
2016-02-14 11:17:26.126+0000 INFO  [o.n.k.i.DiagnosticsManager] Java classpath:
2016-02-14 11:17:26.129+0000 INFO  [o.n.k.i.DiagnosticsManager]  [bootstrap + classpath + loader.0] file:/usr/lib/jvm/java-8-openjdk-amd64/jre/lib/resources.jar
2016-02-14 11:17:26.129+0000 INFO  [o.n.k.i.DiagnosticsManager]  [classpath + loader.0] file:/home/pablo/apps/neo4j-community-2.3.2/lib/neo4j-codegen-2.3.2.jar
2016-02-14 11:17:26.129+0000 INFO  [o.n.k.i.DiagnosticsManager]  [classpath + loader.0] file:/home/pablo/apps/neo4j-community-2.3.2/lib/neo4j-unsafe-2.3.2.jar
2016-02-14 11:17:26.129+0000 INFO  [o.n.k.i.DiagnosticsManager]  [loader.1] file:/usr/lib/jvm/java-8-openjdk-amd64/jre/lib/ext/java-atk-wrapper.jar
2016-02-14 11:17:26.129+0000 INFO  [o.n.k.i.DiagnosticsManager]  [loader.1] file:/usr/lib/jvm/java-8-openjdk-amd64/jre/lib/ext/nashorn.jar
2016-02-14 11:17:26.129+0000 INFO  [o.n.k.i.DiagnosticsManager]  [loader.1] file:/usr/lib/jvm/java-8-openjdk-amd64/jre/lib/ext/icedtea-sound.jar
2016-02-14 11:17:26.129+0000 INFO  [o.n.k.i.DiagnosticsManager]  [classpath + loader.0] file:/home/pablo/apps/neo4j-community-2.3.2/lib/neo4j-jmx-2.3.2.jar
2016-02-14 11:17:26.129+0000 INFO  [o.n.k.i.DiagnosticsManager]  [classpath + loader.0] file:/home/pablo/apps/neo4j-community-2.3.2/lib/neo4j-graph-matching-2.3.2.jar
2016-02-14 11:17:26.130+0000 INFO  [o.n.k.i.DiagnosticsManager]  [loader.1] file:/usr/lib/jvm/java-8-openjdk-amd64/jre/lib/ext/sunjce_provider.jar
2016-02-14 11:17:26.130+0000 INFO  [o.n.k.i.DiagnosticsManager]  [classpath + loader.0] file:/home/pablo/apps/neo4j-community-2.3.2/lib/neo4j-cypher-compiler-2.3-2.3.2.jar
2016-02-14 11:17:26.130+0000 INFO  [o.n.k.i.DiagnosticsManager]  [classpath + loader.0] file:/home/pablo/apps/neo4j-community-2.3.2/lib/neo4j-function-2.3.2.jar
2016-02-14 11:17:26.130+0000 INFO  [o.n.k.i.DiagnosticsManager]  [bootstrap] /usr/lib/jvm/java-8-openjdk-amd64/jre/lib/sunrsasign.jar
2016-02-14 11:17:26.130+0000 INFO  [o.n.k.i.DiagnosticsManager]  [classpath + loader.0] file:/usr/lib/jvm/java-8-openjdk-amd64/jre/lib/management-agent.jar
2016-02-14 11:17:26.130+0000 INFO  [o.n.k.i.DiagnosticsManager]  [classpath + loader.0] file:/home/pablo/apps/neo4j-community-2.3.2/lib/jline-2.12.jar
2016-02-14 11:17:26.130+0000 INFO  [o.n.k.i.DiagnosticsManager]  [classpath + loader.0] file:/home/pablo/apps/neo4j-community-2.3.2/lib/neo4j-cypher-2.3.2.jar
2016-02-14 11:17:26.130+0000 INFO  [o.n.k.i.DiagnosticsManager]  [classpath + loader.0] file:/home/pablo/apps/neo4j-community-2.3.2/lib/neo4j-import-tool-2.3.2.jar
2016-02-14 11:17:26.130+0000 INFO  [o.n.k.i.DiagnosticsManager]  [classpath + loader.0] file:/home/pablo/apps/neo4j-community-2.3.2/lib/neo4j-primitive-collections-2.3.2.jar
2016-02-14 11:17:26.130+0000 INFO  [o.n.k.i.DiagnosticsManager]  [classpath + loader.0] file:/home/pablo/apps/neo4j-community-2.3.2/lib/opencsv-2.3.jar
2016-02-14 11:17:26.130+0000 INFO  [o.n.k.i.DiagnosticsManager]  [classpath + loader.0] file:/home/pablo/apps/neo4j-community-2.3.2/lib/neo4j-kernel-2.3.2.jar
2016-02-14 11:17:26.130+0000 INFO  [o.n.k.i.DiagnosticsManager]  [classpath + loader.0] file:/home/pablo/apps/neo4j-community-2.3.2/lib/commons-lang3-3.3.2.jar
2016-02-14 11:17:26.130+0000 INFO  [o.n.k.i.DiagnosticsManager]  [classpath + loader.0] file:/home/pablo/apps/neo4j-community-2.3.2/lib/lucene-core-3.6.2.jar
2016-02-14 11:17:26.131+0000 INFO  [o.n.k.i.DiagnosticsManager]  [loader.1] file:/usr/lib/jvm/java-8-openjdk-amd64/jre/lib/ext/localedata.jar
2016-02-14 11:17:26.131+0000 INFO  [o.n.k.i.DiagnosticsManager]  [loader.1] file:/usr/lib/jvm/java-8-openjdk-amd64/jre/lib/ext/jaccess.jar
2016-02-14 11:17:26.131+0000 INFO  [o.n.k.i.DiagnosticsManager]  [classpath + loader.0] file:/home/pablo/apps/neo4j-community-2.3.2/lib/neo4j-graph-algo-2.3.2.jar
2016-02-14 11:17:26.131+0000 INFO  [o.n.k.i.DiagnosticsManager]  [loader.1] file:/usr/lib/jvm/java-8-openjdk-amd64/jre/lib/ext/sunpkcs11.jar
2016-02-14 11:17:26.131+0000 INFO  [o.n.k.i.DiagnosticsManager]  [classpath + loader.0] file:/home/pablo/apps/neo4j-community-2.3.2/lib/neo4j-consistency-check-2.3.2.jar
2016-02-14 11:17:26.131+0000 INFO  [o.n.k.i.DiagnosticsManager]  [loader.1] file:/usr/lib/jvm/java-8-openjdk-amd64/jre/lib/ext/libatk-wrapper.so
2016-02-14 11:17:26.131+0000 INFO  [o.n.k.i.DiagnosticsManager]  [bootstrap + classpath + loader.0] file:/usr/lib/jvm/java-8-openjdk-amd64/jre/lib/jce.jar
2016-02-14 11:17:26.131+0000 INFO  [o.n.k.i.DiagnosticsManager]  [bootstrap + classpath + loader.0] file:/usr/lib/jvm/java-8-openjdk-amd64/jre/lib/rt.jar
2016-02-14 11:17:26.131+0000 INFO  [o.n.k.i.DiagnosticsManager]  [loader.1] file:/usr/lib/jvm/java-8-openjdk-amd64/jre/lib/ext/sunec.jar
2016-02-14 11:17:26.131+0000 INFO  [o.n.k.i.DiagnosticsManager]  [bootstrap] /usr/lib/jvm/java-8-openjdk-amd64/jre/lib/jfr.jar
2016-02-14 11:17:26.131+0000 INFO  [o.n.k.i.DiagnosticsManager]  [classpath + loader.0] file:/home/pablo/apps/neo4j-community-2.3.2/lib/neo4j-consistency-check-legacy-2.3.2.jar
2016-02-14 11:17:26.132+0000 INFO  [o.n.k.i.DiagnosticsManager]  [loader.1] file:/usr/lib/jvm/java-8-openjdk-amd64/jre/lib/ext/cldrdata.jar
2016-02-14 11:17:26.132+0000 INFO  [o.n.k.i.DiagnosticsManager]  [bootstrap] /usr/lib/jvm/java-8-openjdk-amd64/jre/classes
2016-02-14 11:17:26.132+0000 INFO  [o.n.k.i.DiagnosticsManager]  [classpath + loader.0] file:/home/pablo/apps/neo4j-community-2.3.2/lib/scala-parser-combinators_2.11-1.0.4.jar
2016-02-14 11:17:26.132+0000 INFO  [o.n.k.i.DiagnosticsManager]  [classpath + loader.0] file:/home/pablo/sandbag/repositories/eutldb/out/production/eutldb/
2016-02-14 11:17:26.132+0000 INFO  [o.n.k.i.DiagnosticsManager]  [loader.1] file:/usr/lib/jvm/java-8-openjdk-amd64/jre/lib/ext/zipfs.jar
2016-02-14 11:17:26.132+0000 INFO  [o.n.k.i.DiagnosticsManager]  [classpath + loader.0] file:/home/pablo/apps/neo4j-community-2.3.2/lib/neo4j-cypher-frontend-2.3-2.3.2.jar
2016-02-14 11:17:26.132+0000 INFO  [o.n.k.i.DiagnosticsManager]  [classpath + loader.0] file:/home/pablo/apps/neo4j-community-2.3.2/lib/neo4j-udc-2.3.2.jar
2016-02-14 11:17:26.132+0000 INFO  [o.n.k.i.DiagnosticsManager]  [classpath + loader.0] file:/home/pablo/apps/neo4j-community-2.3.2/lib/neo4j-logging-2.3.2.jar
2016-02-14 11:17:26.132+0000 INFO  [o.n.k.i.DiagnosticsManager]  [classpath + loader.0] file:/home/pablo/apps/neo4j-community-2.3.2/lib/server-api-2.3.2.jar
2016-02-14 11:17:26.132+0000 INFO  [o.n.k.i.DiagnosticsManager]  [classpath + loader.0] file:/home/pablo/apps/neo4j-community-2.3.2/lib/parboiled-scala_2.11-1.1.7.jar
2016-02-14 11:17:26.132+0000 INFO  [o.n.k.i.DiagnosticsManager]  [classpath + loader.0] file:/home/pablo/apps/neo4j-community-2.3.2/lib/neo4j-shell-2.3.2.jar
2016-02-14 11:17:26.132+0000 INFO  [o.n.k.i.DiagnosticsManager]  [classpath + loader.0] file:/home/pablo/apps/neo4j-community-2.3.2/lib/scala-library-2.11.7.jar
2016-02-14 11:17:26.132+0000 INFO  [o.n.k.i.DiagnosticsManager]  [classpath + loader.0] file:/home/pablo/apps/neo4j-community-2.3.2/lib/neo4j-lucene-index-2.3.2.jar
2016-02-14 11:17:26.132+0000 INFO  [o.n.k.i.DiagnosticsManager]  [classpath + loader.0] file:/home/pablo/apps/neo4j-community-2.3.2/lib/concurrentlinkedhashmap-lru-1.4.2.jar
2016-02-14 11:17:26.133+0000 INFO  [o.n.k.i.DiagnosticsManager]  [classpath + loader.0] file:/home/pablo/apps/neo4j-community-2.3.2/lib/scala-reflect-2.11.7.jar
2016-02-14 11:17:26.133+0000 INFO  [o.n.k.i.DiagnosticsManager]  [classpath + loader.0] file:/home/pablo/apps/neo4j-community-2.3.2/lib/parboiled-core-1.1.7.jar
2016-02-14 11:17:26.133+0000 INFO  [o.n.k.i.DiagnosticsManager]  [bootstrap + classpath + loader.0] file:/usr/lib/jvm/java-8-openjdk-amd64/jre/lib/charsets.jar
2016-02-14 11:17:26.133+0000 INFO  [o.n.k.i.DiagnosticsManager]  [loader.1] file:/usr/lib/jvm/java-8-openjdk-amd64/jre/lib/ext/dnsns.jar
2016-02-14 11:17:26.133+0000 INFO  [o.n.k.i.DiagnosticsManager]  [bootstrap + classpath + loader.0] file:/usr/lib/jvm/java-8-openjdk-amd64/jre/lib/jsse.jar
2016-02-14 11:17:26.133+0000 INFO  [o.n.k.i.DiagnosticsManager]  [classpath + loader.0] file:/home/pablo/apps/neo4j-community-2.3.2/lib/neo4j-cypher-compiler-2.2_2.11-2.2.6.jar
2016-02-14 11:17:26.133+0000 INFO  [o.n.k.i.DiagnosticsManager]  [classpath + loader.0] file:/home/pablo/apps/neo4j-community-2.3.2/lib/neo4j-csv-2.3.2.jar
2016-02-14 11:17:26.133+0000 INFO  [o.n.k.i.DiagnosticsManager]  [classpath + loader.0] file:/home/pablo/apps/idea-IC-143.1184.17/lib/idea_rt.jar
2016-02-14 11:17:26.133+0000 INFO  [o.n.k.i.DiagnosticsManager]  [classpath + loader.0] file:/home/pablo/apps/neo4j-community-2.3.2/lib/neo4j-cypher-compiler-1.9_2.11-2.0.5.jar
2016-02-14 11:17:26.133+0000 INFO  [o.n.k.i.DiagnosticsManager]  [classpath + loader.0] file:/home/pablo/apps/neo4j-community-2.3.2/lib/neo4j-io-2.3.2.jar
2016-02-14 11:17:26.133+0000 INFO  [o.n.k.i.DiagnosticsManager] Library path:
2016-02-14 11:17:26.134+0000 INFO  [o.n.k.i.DiagnosticsManager] /home/pablo/sandbag/repositories/eutldb
2016-02-14 11:17:26.134+0000 INFO  [o.n.k.i.DiagnosticsManager] /home/pablo/sandbag/repositories/eutldb
2016-02-14 11:17:26.134+0000 INFO  [o.n.k.i.DiagnosticsManager] /usr/java/packages/lib/amd64
2016-02-14 11:17:26.134+0000 INFO  [o.n.k.i.DiagnosticsManager] /usr/lib/x86_64-linux-gnu/jni
2016-02-14 11:17:26.134+0000 INFO  [o.n.k.i.DiagnosticsManager] /lib/x86_64-linux-gnu
2016-02-14 11:17:26.134+0000 INFO  [o.n.k.i.DiagnosticsManager] /usr/lib/x86_64-linux-gnu
2016-02-14 11:17:26.134+0000 INFO  [o.n.k.i.DiagnosticsManager] /usr/lib/jni
2016-02-14 11:17:26.134+0000 INFO  [o.n.k.i.DiagnosticsManager] /lib
2016-02-14 11:17:26.134+0000 INFO  [o.n.k.i.DiagnosticsManager] /usr/lib
2016-02-14 11:17:26.134+0000 INFO  [o.n.k.i.DiagnosticsManager] System.properties:
2016-02-14 11:17:26.135+0000 INFO  [o.n.k.i.DiagnosticsManager] sun.boot.library.path = /usr/lib/jvm/java-8-openjdk-amd64/jre/lib/amd64
2016-02-14 11:17:26.135+0000 INFO  [o.n.k.i.DiagnosticsManager] path.separator = :
2016-02-14 11:17:26.135+0000 INFO  [o.n.k.i.DiagnosticsManager] idea.launcher.port = 7533
2016-02-14 11:17:26.135+0000 INFO  [o.n.k.i.DiagnosticsManager] file.encoding.pkg = sun.io
2016-02-14 11:17:26.135+0000 INFO  [o.n.k.i.DiagnosticsManager] user.country = US
2016-02-14 11:17:26.136+0000 INFO  [o.n.k.i.DiagnosticsManager] sun.java.launcher = SUN_STANDARD
2016-02-14 11:17:26.136+0000 INFO  [o.n.k.i.DiagnosticsManager] sun.os.patch.level = unknown
2016-02-14 11:17:26.136+0000 INFO  [o.n.k.i.DiagnosticsManager] user.dir = /home/pablo/sandbag/repositories/eutldb
2016-02-14 11:17:26.136+0000 INFO  [o.n.k.i.DiagnosticsManager] sun.jnu.encoding = UTF-8
2016-02-14 11:17:26.136+0000 INFO  [o.n.k.i.DiagnosticsManager] sun.management.compiler = HotSpot 64-Bit Tiered Compilers
2016-02-14 11:17:26.136+0000 INFO  [o.n.k.i.DiagnosticsManager] user.home = /home/pablo
2016-02-14 11:17:26.136+0000 INFO  [o.n.k.i.DiagnosticsManager] user.timezone = Europe/Madrid
2016-02-14 11:17:26.136+0000 INFO  [o.n.k.i.DiagnosticsManager] file.encoding = UTF-8
2016-02-14 11:17:26.136+0000 INFO  [o.n.k.i.DiagnosticsManager] idea.launcher.bin.path = /home/pablo/apps/idea-IC-143.1184.17/bin
2016-02-14 11:17:26.136+0000 INFO  [o.n.k.i.DiagnosticsManager] user.name = pablo
2016-02-14 11:17:26.136+0000 INFO  [o.n.k.i.DiagnosticsManager] sun.java.command = com.intellij.rt.execution.application.AppMain org.sandbag.EUTLDataImporter eutldb /home/pablo/sandbag/EUTL_data/mega_file.csv
2016-02-14 11:17:26.137+0000 INFO  [o.n.k.i.DiagnosticsManager] sun.arch.data.model = 64
2016-02-14 11:17:26.137+0000 INFO  [o.n.k.i.DiagnosticsManager] user.language = en
2016-02-14 11:17:26.137+0000 INFO  [o.n.k.i.DiagnosticsManager] awt.toolkit = sun.awt.X11.XToolkit
2016-02-14 11:17:26.137+0000 INFO  [o.n.k.i.DiagnosticsManager] file.separator = /
2016-02-14 11:17:26.137+0000 INFO  [o.n.k.i.DiagnosticsManager] sun.io.unicode.encoding = UnicodeLittle
2016-02-14 11:17:26.137+0000 INFO  [o.n.k.i.DiagnosticsManager] sun.cpu.endian = little
2016-02-14 11:17:26.137+0000 INFO  [o.n.k.i.DiagnosticsManager] sun.desktop = gnome
2016-02-14 11:17:26.137+0000 INFO  [o.n.k.i.DiagnosticsManager] sun.cpu.isalist = 
2016-02-14 11:17:26.137+0000 INFO  [o.n.k.i.DiagnosticsManager] Linux scheduler information:
2016-02-14 11:17:26.139+0000 INFO  [o.n.k.i.DiagnosticsManager] noop [deadline] cfq 
2016-02-14 11:17:26.139+0000 INFO  [o.n.k.i.DiagnosticsManager] none
2016-02-14 11:17:26.139+0000 INFO  [o.n.k.i.DiagnosticsManager] none
2016-02-14 11:17:26.140+0000 INFO  [o.n.k.i.DiagnosticsManager] none
2016-02-14 11:17:26.140+0000 INFO  [o.n.k.i.DiagnosticsManager] none
2016-02-14 11:17:26.140+0000 INFO  [o.n.k.i.DiagnosticsManager] none
2016-02-14 11:17:26.140+0000 INFO  [o.n.k.i.DiagnosticsManager] none
2016-02-14 11:17:26.140+0000 INFO  [o.n.k.i.DiagnosticsManager] none
2016-02-14 11:17:26.141+0000 INFO  [o.n.k.i.DiagnosticsManager] none
2016-02-14 11:17:26.141+0000 INFO  [o.n.k.i.DiagnosticsManager] none
2016-02-14 11:17:26.141+0000 INFO  [o.n.k.i.DiagnosticsManager] none
2016-02-14 11:17:26.141+0000 INFO  [o.n.k.i.DiagnosticsManager] none
2016-02-14 11:17:26.141+0000 INFO  [o.n.k.i.DiagnosticsManager] none
2016-02-14 11:17:26.142+0000 INFO  [o.n.k.i.DiagnosticsManager] none
2016-02-14 11:17:26.142+0000 INFO  [o.n.k.i.DiagnosticsManager] none
2016-02-14 11:17:26.142+0000 INFO  [o.n.k.i.DiagnosticsManager] none
2016-02-14 11:17:26.142+0000 INFO  [o.n.k.i.DiagnosticsManager] none
2016-02-14 11:17:26.142+0000 INFO  [o.n.k.i.DiagnosticsManager] none
2016-02-14 11:17:26.142+0000 INFO  [o.n.k.i.DiagnosticsManager] none
2016-02-14 11:17:26.143+0000 INFO  [o.n.k.i.DiagnosticsManager] none
2016-02-14 11:17:26.143+0000 INFO  [o.n.k.i.DiagnosticsManager] none
2016-02-14 11:17:26.143+0000 INFO  [o.n.k.i.DiagnosticsManager] none
2016-02-14 11:17:26.143+0000 INFO  [o.n.k.i.DiagnosticsManager] none
2016-02-14 11:17:26.143+0000 INFO  [o.n.k.i.DiagnosticsManager] none
2016-02-14 11:17:26.143+0000 INFO  [o.n.k.i.DiagnosticsManager] none
2016-02-14 11:17:26.143+0000 INFO  [o.n.k.i.DiagnosticsManager] Network information:
2016-02-14 11:17:26.145+0000 INFO  [o.n.k.i.DiagnosticsManager] Interface wlan0:
2016-02-14 11:17:26.145+0000 INFO  [o.n.k.i.DiagnosticsManager]     address: fe80:0:0:0:3668:95ff:feec:ef7b%wlan0
2016-02-14 11:17:26.145+0000 INFO  [o.n.k.i.DiagnosticsManager]     address: 192.168.1.133
2016-02-14 11:17:26.146+0000 INFO  [o.n.k.i.DiagnosticsManager] Interface lo:
2016-02-14 11:17:26.146+0000 INFO  [o.n.k.i.DiagnosticsManager]     address: 0:0:0:0:0:0:0:1%lo
2016-02-14 11:17:26.146+0000 INFO  [o.n.k.i.DiagnosticsManager]     address: 127.0.0.1
2016-02-14 11:17:26.146+0000 INFO  [o.n.k.i.DiagnosticsManager] --- INITIALIZED diagnostics END ---
2016-02-14 11:17:26.846+0000 INFO  [o.n.k.KernelHealth] Kernel health set to OK
2016-02-14 11:17:27.033+0000 INFO  [o.n.k.AvailabilityGuard] Fulfilling of requirement makes database available: Database available
2016-02-14 11:17:27.034+0000 INFO  [o.n.k.i.f.CommunityFacadeFactory] Database is now ready
2016-02-14 11:17:27.042+0000 INFO  [o.n.k.i.DiagnosticsManager] --- STARTED diagnostics for KernelDiagnostics:Versions START ---
2016-02-14 11:17:27.043+0000 INFO  [o.n.k.i.DiagnosticsManager] Graph Database: Community StoreId{creationTime=1455448582629, randomId=6600603746727919626, storeVersion=15250506225055238, upgradeTime=1455448582629, upgradeId=1}
2016-02-14 11:17:27.043+0000 INFO  [o.n.k.i.DiagnosticsManager] Kernel version: 2.3.2,30a48a0
2016-02-14 11:17:27.043+0000 INFO  [o.n.k.i.DiagnosticsManager] --- STARTED diagnostics for KernelDiagnostics:Versions END ---
2016-02-14 11:17:27.045+0000 INFO  [o.n.k.i.DiagnosticsManager] --- STARTED diagnostics for NEO_STORE_VERSIONS START ---
2016-02-14 11:17:27.045+0000 INFO  [o.n.k.i.DiagnosticsManager] Store versions:
2016-02-14 11:17:27.045+0000 INFO  [o.n.k.i.DiagnosticsManager] Store versions:
2016-02-14 11:17:27.045+0000 INFO  [o.n.k.i.DiagnosticsManager] ArrayPropertyStore v0.A.6
2016-02-14 11:17:27.045+0000 INFO  [o.n.k.i.DiagnosticsManager] NodeStore v0.A.6
2016-02-14 11:17:27.045+0000 INFO  [o.n.k.i.DiagnosticsManager] StringPropertyStore v0.A.6
2016-02-14 11:17:27.045+0000 INFO  [o.n.k.i.DiagnosticsManager] PropertyIndexStore v0.A.6
2016-02-14 11:17:27.045+0000 INFO  [o.n.k.i.DiagnosticsManager] StringPropertyStore v0.A.6
2016-02-14 11:17:27.045+0000 INFO  [o.n.k.i.DiagnosticsManager] ArrayPropertyStore v0.A.6
2016-02-14 11:17:27.046+0000 INFO  [o.n.k.i.DiagnosticsManager] PropertyStore v0.A.6
2016-02-14 11:17:27.046+0000 INFO  [o.n.k.i.DiagnosticsManager] RelationshipStore v0.A.6
2016-02-14 11:17:27.046+0000 INFO  [o.n.k.i.DiagnosticsManager] StringPropertyStore v0.A.6
2016-02-14 11:17:27.046+0000 INFO  [o.n.k.i.DiagnosticsManager] RelationshipTypeStore v0.A.6
2016-02-14 11:17:27.046+0000 INFO  [o.n.k.i.DiagnosticsManager] StringPropertyStore v0.A.6
2016-02-14 11:17:27.046+0000 INFO  [o.n.k.i.DiagnosticsManager] LabelTokenStore v0.A.6
2016-02-14 11:17:27.046+0000 INFO  [o.n.k.i.DiagnosticsManager] SchemaStore v0.A.6
2016-02-14 11:17:27.046+0000 INFO  [o.n.k.i.DiagnosticsManager] RelationshipGroupStore v0.A.6
2016-02-14 11:17:27.046+0000 INFO  [o.n.k.i.DiagnosticsManager] NeoStore v0.A.6
2016-02-14 11:17:27.046+0000 INFO  [o.n.k.i.DiagnosticsManager] --- STARTED diagnostics for NEO_STORE_VERSIONS END ---
2016-02-14 11:17:27.046+0000 INFO  [o.n.k.i.DiagnosticsManager] --- STARTED diagnostics for NEO_STORE_ID_USAGE START ---
2016-02-14 11:17:27.046+0000 INFO  [o.n.k.i.DiagnosticsManager] Id usage:
2016-02-14 11:17:27.046+0000 INFO  [o.n.k.i.DiagnosticsManager] Id usage:
2016-02-14 11:17:27.047+0000 INFO  [o.n.k.i.DiagnosticsManager]   ArrayPropertyStore v0.A.6: used=1 high=0
2016-02-14 11:17:27.047+0000 INFO  [o.n.k.i.DiagnosticsManager]   NodeStore v0.A.6: used=0 high=-1
2016-02-14 11:17:27.047+0000 INFO  [o.n.k.i.DiagnosticsManager]   StringPropertyStore v0.A.6: used=1 high=0
2016-02-14 11:17:27.047+0000 INFO  [o.n.k.i.DiagnosticsManager]   PropertyIndexStore v0.A.6: used=0 high=-1
2016-02-14 11:17:27.047+0000 INFO  [o.n.k.i.DiagnosticsManager]   StringPropertyStore v0.A.6: used=1 high=0
2016-02-14 11:17:27.048+0000 INFO  [o.n.k.i.DiagnosticsManager]   ArrayPropertyStore v0.A.6: used=1 high=0
2016-02-14 11:17:27.048+0000 INFO  [o.n.k.i.DiagnosticsManager]   PropertyStore v0.A.6: used=0 high=-1
2016-02-14 11:17:27.048+0000 INFO  [o.n.k.i.DiagnosticsManager]   RelationshipStore v0.A.6: used=0 high=-1
2016-02-14 11:17:27.048+0000 INFO  [o.n.k.i.DiagnosticsManager]   StringPropertyStore v0.A.6: used=1 high=0
2016-02-14 11:17:27.048+0000 INFO  [o.n.k.i.DiagnosticsManager]   RelationshipTypeStore v0.A.6: used=0 high=-1
2016-02-14 11:17:27.049+0000 INFO  [o.n.k.i.DiagnosticsManager]   StringPropertyStore v0.A.6: used=1 high=0
2016-02-14 11:17:27.049+0000 INFO  [o.n.k.i.DiagnosticsManager]   LabelTokenStore v0.A.6: used=0 high=-1
2016-02-14 11:17:27.049+0000 INFO  [o.n.k.i.DiagnosticsManager]   SchemaStore v0.A.6: used=1 high=0
2016-02-14 11:17:27.049+0000 INFO  [o.n.k.i.DiagnosticsManager]   RelationshipGroupStore v0.A.6: used=1 high=0
2016-02-14 11:17:27.049+0000 INFO  [o.n.k.i.DiagnosticsManager]   NeoStore v0.A.6: used=13 high=12
2016-02-14 11:17:27.049+0000 INFO  [o.n.k.i.DiagnosticsManager] --- STARTED diagnostics for NEO_STORE_ID_USAGE END ---
2016-02-14 11:17:27.049+0000 INFO  [o.n.k.i.DiagnosticsManager] --- STARTED diagnostics for NEO_STORE_RECORDS START ---
2016-02-14 11:17:27.049+0000 INFO  [o.n.k.i.DiagnosticsManager] Neostore records:
2016-02-14 11:17:27.050+0000 INFO  [o.n.k.i.DiagnosticsManager] TIME (Creation time): 1455448582629
2016-02-14 11:17:27.050+0000 INFO  [o.n.k.i.DiagnosticsManager] RANDOM_NUMBER (Random number for store id): 6600603746727919626
2016-02-14 11:17:27.051+0000 INFO  [o.n.k.i.DiagnosticsManager] LOG_VERSION (Current log version): 0
2016-02-14 11:17:27.051+0000 INFO  [o.n.k.i.DiagnosticsManager] LAST_TRANSACTION_ID (Last committed transaction): 1
2016-02-14 11:17:27.051+0000 INFO  [o.n.k.i.DiagnosticsManager] STORE_VERSION (Store format version): 15250506225055238
2016-02-14 11:17:27.051+0000 INFO  [o.n.k.i.DiagnosticsManager] FIRST_GRAPH_PROPERTY (First property record containing graph properties): -1
2016-02-14 11:17:27.051+0000 INFO  [o.n.k.i.DiagnosticsManager] LAST_CONSTRAINT_TRANSACTION (Last committed transaction containing constraint changes): 0
2016-02-14 11:17:27.051+0000 INFO  [o.n.k.i.DiagnosticsManager] UPGRADE_TRANSACTION_ID (Transaction id most recent upgrade was performed at): 1
2016-02-14 11:17:27.051+0000 INFO  [o.n.k.i.DiagnosticsManager] UPGRADE_TIME (Time of last upgrade): 1455448582629
2016-02-14 11:17:27.051+0000 INFO  [o.n.k.i.DiagnosticsManager] LAST_TRANSACTION_CHECKSUM (Checksum of last committed transaction): 0
2016-02-14 11:17:27.051+0000 INFO  [o.n.k.i.DiagnosticsManager] UPGRADE_TRANSACTION_CHECKSUM (Checksum of transaction id the most recent upgrade was performed at): 0
2016-02-14 11:17:27.051+0000 INFO  [o.n.k.i.DiagnosticsManager] LAST_CLOSED_TRANSACTION_LOG_VERSION (Log version where the last transaction commit entry has been written into): 0
2016-02-14 11:17:27.051+0000 INFO  [o.n.k.i.DiagnosticsManager] LAST_CLOSED_TRANSACTION_LOG_BYTE_OFFSET (Byte offset in the log file where the last transaction commit entry has been written into): 16
2016-02-14 11:17:27.051+0000 INFO  [o.n.k.i.DiagnosticsManager] --- STARTED diagnostics for NEO_STORE_RECORDS END ---
2016-02-14 11:17:27.051+0000 INFO  [o.n.k.i.DiagnosticsManager] --- STARTED diagnostics for TRANSACTION_RANGE START ---
2016-02-14 11:17:27.051+0000 INFO  [o.n.k.i.DiagnosticsManager] Transaction log:
2016-02-14 11:17:27.053+0000 INFO  [o.n.k.i.DiagnosticsManager] Oldest transaction 2 found in log with version 0
2016-02-14 11:17:27.054+0000 INFO  [o.n.k.i.DiagnosticsManager] --- STARTED diagnostics for TRANSACTION_RANGE END ---
2016-02-14 11:17:27.054+0000 INFO  [o.n.k.i.DiagnosticsManager] --- STARTED diagnostics for KernelDiagnostics:StoreFiles START ---
2016-02-14 11:17:27.055+0000 INFO  [o.n.k.i.DiagnosticsManager] Disk space on partition (Total / Free / Free %): 231463104512 / 198418604032 / 85
Storage files: (filename : modification date - size)
2016-02-14 11:17:27.056+0000 INFO  [o.n.k.i.DiagnosticsManager]   index:
2016-02-14 11:17:27.056+0000 INFO  [o.n.k.i.DiagnosticsManager]   - Total: 2016-02-14T12:16:22+0100 - 0.00 B
2016-02-14 11:17:27.057+0000 INFO  [o.n.k.i.DiagnosticsManager]   messages.log: 2016-02-14T12:17:27+0100 - 61.20 kB
2016-02-14 11:17:27.057+0000 INFO  [o.n.k.i.DiagnosticsManager]   neostore: 2016-02-14T12:16:22+0100 - 8.00 kB
2016-02-14 11:17:27.057+0000 INFO  [o.n.k.i.DiagnosticsManager]   neostore.counts.db.a: 2016-02-14T12:16:22+0100 - 96.00 B
2016-02-14 11:17:27.057+0000 INFO  [o.n.k.i.DiagnosticsManager]   neostore.id: 2016-02-14T12:17:26+0100 - 9.00 B
2016-02-14 11:17:27.058+0000 INFO  [o.n.k.i.DiagnosticsManager]   neostore.labeltokenstore.db: 2016-02-14T12:16:22+0100 - 0.00 B
2016-02-14 11:17:27.058+0000 INFO  [o.n.k.i.DiagnosticsManager]   neostore.labeltokenstore.db.id: 2016-02-14T12:17:26+0100 - 9.00 B
2016-02-14 11:17:27.058+0000 INFO  [o.n.k.i.DiagnosticsManager]   neostore.labeltokenstore.db.names: 2016-02-14T12:16:22+0100 - 8.00 kB
2016-02-14 11:17:27.058+0000 INFO  [o.n.k.i.DiagnosticsManager]   neostore.labeltokenstore.db.names.id: 2016-02-14T12:17:26+0100 - 9.00 B
2016-02-14 11:17:27.059+0000 INFO  [o.n.k.i.DiagnosticsManager]   neostore.nodestore.db: 2016-02-14T12:16:22+0100 - 0.00 B
2016-02-14 11:17:27.059+0000 INFO  [o.n.k.i.DiagnosticsManager]   neostore.nodestore.db.id: 2016-02-14T12:17:26+0100 - 9.00 B
2016-02-14 11:17:27.059+0000 INFO  [o.n.k.i.DiagnosticsManager]   neostore.nodestore.db.labels: 2016-02-14T12:16:22+0100 - 8.00 kB
2016-02-14 11:17:27.059+0000 INFO  [o.n.k.i.DiagnosticsManager]   neostore.nodestore.db.labels.id: 2016-02-14T12:17:26+0100 - 9.00 B
2016-02-14 11:17:27.060+0000 INFO  [o.n.k.i.DiagnosticsManager]   neostore.propertystore.db: 2016-02-14T12:16:22+0100 - 0.00 B
2016-02-14 11:17:27.060+0000 INFO  [o.n.k.i.DiagnosticsManager]   neostore.propertystore.db.arrays: 2016-02-14T12:16:22+0100 - 8.00 kB
2016-02-14 11:17:27.060+0000 INFO  [o.n.k.i.DiagnosticsManager]   neostore.propertystore.db.arrays.id: 2016-02-14T12:17:26+0100 - 9.00 B
2016-02-14 11:17:27.060+0000 INFO  [o.n.k.i.DiagnosticsManager]   neostore.propertystore.db.id: 2016-02-14T12:17:26+0100 - 9.00 B
2016-02-14 11:17:27.061+0000 INFO  [o.n.k.i.DiagnosticsManager]   neostore.propertystore.db.index: 2016-02-14T12:16:22+0100 - 0.00 B
2016-02-14 11:17:27.061+0000 INFO  [o.n.k.i.DiagnosticsManager]   neostore.propertystore.db.index.id: 2016-02-14T12:17:26+0100 - 9.00 B
2016-02-14 11:17:27.061+0000 INFO  [o.n.k.i.DiagnosticsManager]   neostore.propertystore.db.index.keys: 2016-02-14T12:16:22+0100 - 8.00 kB
2016-02-14 11:17:27.061+0000 INFO  [o.n.k.i.DiagnosticsManager]   neostore.propertystore.db.index.keys.id: 2016-02-14T12:17:26+0100 - 9.00 B
2016-02-14 11:17:27.061+0000 INFO  [o.n.k.i.DiagnosticsManager]   neostore.propertystore.db.strings: 2016-02-14T12:16:22+0100 - 8.00 kB
2016-02-14 11:17:27.062+0000 INFO  [o.n.k.i.DiagnosticsManager]   neostore.propertystore.db.strings.id: 2016-02-14T12:17:26+0100 - 9.00 B
2016-02-14 11:17:27.062+0000 INFO  [o.n.k.i.DiagnosticsManager]   neostore.relationshipgroupstore.db: 2016-02-14T12:16:22+0100 - 8.00 kB
2016-02-14 11:17:27.062+0000 INFO  [o.n.k.i.DiagnosticsManager]   neostore.relationshipgroupstore.db.id: 2016-02-14T12:17:26+0100 - 9.00 B
2016-02-14 11:17:27.062+0000 INFO  [o.n.k.i.DiagnosticsManager]   neostore.relationshipstore.db: 2016-02-14T12:16:22+0100 - 0.00 B
2016-02-14 11:17:27.063+0000 INFO  [o.n.k.i.DiagnosticsManager]   neostore.relationshipstore.db.id: 2016-02-14T12:17:26+0100 - 9.00 B
2016-02-14 11:17:27.063+0000 INFO  [o.n.k.i.DiagnosticsManager]   neostore.relationshiptypestore.db: 2016-02-14T12:16:22+0100 - 0.00 B
2016-02-14 11:17:27.063+0000 INFO  [o.n.k.i.DiagnosticsManager]   neostore.relationshiptypestore.db.id: 2016-02-14T12:17:26+0100 - 9.00 B
2016-02-14 11:17:27.063+0000 INFO  [o.n.k.i.DiagnosticsManager]   neostore.relationshiptypestore.db.names: 2016-02-14T12:16:22+0100 - 8.00 kB
2016-02-14 11:17:27.063+0000 INFO  [o.n.k.i.DiagnosticsManager]   neostore.relationshiptypestore.db.names.id: 2016-02-14T12:17:26+0100 - 9.00 B
2016-02-14 11:17:27.064+0000 INFO  [o.n.k.i.DiagnosticsManager]   neostore.schemastore.db: 2016-02-14T12:16:22+0100 - 8.00 kB
2016-02-14 11:17:27.064+0000 INFO  [o.n.k.i.DiagnosticsManager]   neostore.schemastore.db.id: 2016-02-14T12:17:26+0100 - 9.00 B
2016-02-14 11:17:27.064+0000 INFO  [o.n.k.i.DiagnosticsManager]   neostore.transaction.db.0: 2016-02-14T12:16:24+0100 - 34.00 B
2016-02-14 11:17:27.064+0000 INFO  [o.n.k.i.DiagnosticsManager]   schema:
2016-02-14 11:17:27.064+0000 INFO  [o.n.k.i.DiagnosticsManager]     label:
2016-02-14 11:17:27.064+0000 INFO  [o.n.k.i.DiagnosticsManager]       lucene:
2016-02-14 11:17:27.065+0000 INFO  [o.n.k.i.DiagnosticsManager]         segments.gen: 2016-02-14T12:16:24+0100 - 20.00 B
2016-02-14 11:17:27.065+0000 INFO  [o.n.k.i.DiagnosticsManager]         segments_1: 2016-02-14T12:16:24+0100 - 32.00 B
2016-02-14 11:17:27.065+0000 INFO  [o.n.k.i.DiagnosticsManager]         write.lock: 2016-02-14T12:17:26+0100 - 0.00 B
2016-02-14 11:17:27.065+0000 INFO  [o.n.k.i.DiagnosticsManager]       - Total: 2016-02-14T12:17:26+0100 - 52.00 B
2016-02-14 11:17:27.066+0000 INFO  [o.n.k.i.DiagnosticsManager]     - Total: 2016-02-14T12:16:22+0100 - 52.00 B
2016-02-14 11:17:27.066+0000 INFO  [o.n.k.i.DiagnosticsManager]   - Total: 2016-02-14T12:16:22+0100 - 52.00 B
2016-02-14 11:17:27.066+0000 INFO  [o.n.k.i.DiagnosticsManager]   store_lock: 2016-02-14T12:16:22+0100 - 0.00 B
2016-02-14 11:17:27.066+0000 INFO  [o.n.k.i.DiagnosticsManager] --- STARTED diagnostics for KernelDiagnostics:StoreFiles END ---
2016-02-14 11:17:28.169+0000 INFO  [o.n.k.i.f.GraphDatabaseFacade] Shutdown started
2016-02-14 11:17:28.170+0000 INFO  [o.n.k.i.f.CommunityFacadeFactory] Database is now unavailable
2016-02-14 11:17:28.179+0000 INFO  [o.n.k.i.t.l.c.CheckPointerImpl] Check Pointing triggered by database shutdown [1]:  Starting check pointing...
2016-02-14 11:17:28.179+0000 INFO  [o.n.k.i.t.l.c.CheckPointerImpl] Check Pointing triggered by database shutdown [1]:  Starting store flush...
2016-02-14 11:17:28.185+0000 INFO  [o.n.k.i.t.l.c.CheckPointerImpl] Check Pointing triggered by database shutdown [1]:  Store flush completed
2016-02-14 11:17:28.185+0000 INFO  [o.n.k.i.t.l.c.CheckPointerImpl] Check Pointing triggered by database shutdown [1]:  Starting appending check point entry into the tx log...
2016-02-14 11:17:28.192+0000 INFO  [o.n.k.i.t.l.c.CheckPointerImpl] Check Pointing triggered by database shutdown [1]:  Appending check point entry into the tx log completed
2016-02-14 11:17:28.192+0000 INFO  [o.n.k.i.t.l.c.CheckPointerImpl] Check Pointing triggered by database shutdown [1]:  Check pointing completed
2016-02-14 11:17:28.192+0000 INFO  [o.n.k.i.t.l.p.LogPruningImpl] Log Rotation [0]:  Starting log pruning.
2016-02-14 11:17:28.192+0000 INFO  [o.n.k.i.t.l.p.LogPruningImpl] Log Rotation [0]:  Log pruning complete.
2016-02-14 11:17:28.253+0000 INFO  [o.n.k.NeoStoreDataSource] NeoStores closed
2016-02-14 11:17:28.254+0000 INFO  [o.n.k.i.DiagnosticsManager] --- STOPPING diagnostics START ---
2016-02-14 11:17:28.254+0000 INFO  [o.n.k.i.DiagnosticsManager] --- STOPPING diagnostics END ---
